#
# A fatal error has been detected by the Java Runtime Environment:
#
#  EXCEPTION_ACCESS_VIOLATION (0xc0000005) at pc=0x5a38a9d0, pid=4188, tid=3900
#
# JRE version: Java(TM) SE Runtime Environment (8.0_20-b26) (build 1.8.0_20-b26)
# Java VM: Java HotSpot(TM) Client VM (25.20-b23 mixed mode windows-x86 )
# Problematic frame:
# C  [jdwp.dll+0x1a9d0]
#
# Failed to write core dump. Minidumps are not enabled by default on client versions of Windows
#
# If you would like to submit a bug report, please visit:
#   http://bugreport.sun.com/bugreport/crash.jsp
# The crash happened outside the Java Virtual Machine in native code.
# See problematic frame for where to report the bug.
#

---------------  T H R E A D  ---------------

Current thread (0x15ad1800):  JavaThread "JDWP Command Reader" daemon [_thread_in_native, id=3900, stack(0x15f30000,0x15f80000)]

siginfo: ExceptionCode=0xc0000005, reading address 0x00000000

Registers:
EAX=0x00000028, EBX=0x5a92326c, ECX=0x00000000, EDX=0x7efeff6b
ESP=0x15f7fb08, EBP=0x15f7fb0c, ESI=0x0000000c, EDI=0x5a92315c
EIP=0x5a38a9d0, EFLAGS=0x00010206

Top of Stack: (sp=0x15f7fb08)
0x15f7fb08:   0000000c 15f7fc30 5a92107e 00000028
0x15f7fb18:   15f7fb2c 5a92315c 5a92326c 15f7fc70
0x15f7fb28:   000000ca 65746e49 70757272 20646574
0x15f7fb38:   636e7566 6e6f6974 6c616320 0000006c
0x15f7fb48:   15f7fbd4 00000001 00000000 00000020
0x15f7fb58:   c0000120 00000000 00000000 000003b0
0x15f7fb68:   00000000 00000000 000003b0 00000000
0x15f7fb78:   15f7fb58 00000000 00002714 15f7fb38 

Instructions: (pc=0x5a38a9d0)
0x5a38a9b0:   5f 33 cd 5e e8 83 2b 00 00 c9 c3 55 8b ec 8b 45
0x5a38a9c0:   08 85 c0 75 02 5d c3 8b 0d e4 47 39 5a 8b 09 56
0x5a38a9d0:   8b 31 57 8d 55 08 52 99 52 50 51 ff 96 b4 00 00
0x5a38a9e0:   00 8b f8 85 ff 74 41 68 05 07 00 00 68 18 2d 39 


Register to memory mapping:

EAX=0x00000028 is an unknown value
EBX=0x5a92326c is an unknown value
ECX=0x00000000 is an unknown value
EDX=0x7efeff6b is an unknown value
ESP=0x15f7fb08 is pointing into the stack for thread: 0x15ad1800
EBP=0x15f7fb0c is pointing into the stack for thread: 0x15ad1800
ESI=0x0000000c is an unknown value
EDI=0x5a92315c is an unknown value


Stack: [0x15f30000,0x15f80000],  sp=0x15f7fb08,  free space=318k
Native frames: (J=compiled Java code, j=interpreted, Vv=VM code, C=native code)
C  [jdwp.dll+0x1a9d0]
C  [dt_socket.dll+0x107e]
C  [dt_socket.dll+0x14f7]
C  [jdwp.dll+0x1892e]
V  [jvm.dll+0x112234]
V  [jvm.dll+0x1694ea]
V  [jvm.dll+0x1ae146]
C  [msvcr100.dll+0x5c556]
C  [msvcr100.dll+0x5c600]
C  [KERNEL32.DLL+0x162c4]
C  [ntdll.dll+0x60fd9]
C  [ntdll.dll+0x60fa4]
C  0x00000000


---------------  P R O C E S S  ---------------

Java Threads: ( => current thread )
  0x168afc00 JavaThread "OkHttp ConnectionPool" daemon [_thread_blocked, id=4912, stack(0x18d20000,0x18d70000)]
  0x15b22c00 JavaThread "Okio Watchdog" daemon [_thread_blocked, id=10968, stack(0x18c90000,0x18ce0000)]
  0x15aff800 JavaThread "Service Thread" daemon [_thread_blocked, id=10832, stack(0x16050000,0x160a0000)]
  0x15ad3000 JavaThread "C1 CompilerThread0" daemon [_thread_blocked, id=10796, stack(0x15fc0000,0x16010000)]
=>0x15ad1800 JavaThread "JDWP Command Reader" daemon [_thread_in_native, id=3900, stack(0x15f30000,0x15f80000)]
  0x15ac9800 JavaThread "JDWP Event Helper Thread" daemon [_thread_blocked, id=8508, stack(0x15ea0000,0x15ef0000)]
  0x15ac8000 JavaThread "JDWP Transport Listener: dt_socket" daemon [_thread_blocked, id=10388, stack(0x15e10000,0x15e60000)]
  0x15ab6400 JavaThread "Attach Listener" daemon [_thread_blocked, id=10420, stack(0x15d80000,0x15dd0000)]
  0x15a66800 JavaThread "Finalizer" daemon [_thread_blocked, id=8744, stack(0x15c60000,0x15cb0000)]
  0x0333e800 JavaThread "Reference Handler" daemon [_thread_blocked, id=10676, stack(0x05540000,0x05590000)]
  0x0341c800 JavaThread "main" [_thread_blocked, id=10488, stack(0x016e0000,0x01730000)]

Other Threads:
  0x0333b000 VMThread [stack: 0x054b0000,0x05500000] [id=1020]

VM state:at safepoint (normal execution)

VM Mutex/Monitor currently owned by a thread:  ([mutex/lock_event])
[0x0341ae38] Threads_lock - owner thread: 0x0333b000

Heap:
 def new generation   total 24192K, used 1072K [0x05600000, 0x07030000, 0x0ab50000)
  eden space 21568K,   4% used [0x05600000, 0x0570c080, 0x06b10000)
  from space 2624K,   0% used [0x06b10000, 0x06b10000, 0x06da0000)
  to   space 2624K,   0% used [0x06da0000, 0x06da0000, 0x07030000)
 tenured generation   total 53620K, used 32169K [0x0ab50000, 0x0dfad000, 0x15600000)
   the space 53620K,  59% used [0x0ab50000, 0x0caba7d8, 0x0caba800, 0x0dfad000)
 Metaspace       used 16794K, capacity 17090K, committed 17152K, reserved 17792K

Card table byte_map: [0x05420000,0x054b0000] byte_map_base: 0x053f5000

Polling page: 0x01730000

CodeCache: size=32768Kb used=4224Kb max_used=4224Kb free=28543Kb
 bounds [0x03420000, 0x03848000, 0x05420000]
 total_blobs=2362 nmethods=2186 adapters=115
 compilation: enabled

Compilation events (10 events):
Event: 18.844 Thread 0x15ad3000 2229             org.codehaus.plexus.util.introspection.MethodMap::get (14 bytes)
Event: 18.844 Thread 0x15ad3000 nmethod 2229 0x03840248 code [0x03840350, 0x0384043c]
Event: 18.844 Thread 0x15ad3000 2230             org.codehaus.plexus.util.introspection.ClassMap::getPublicMethod (29 bytes)
Event: 18.845 Thread 0x15ad3000 nmethod 2230 0x038404c8 code [0x038405f0, 0x03840714]
Event: 18.845 Thread 0x15ad3000 2231             org.codehaus.plexus.util.introspection.MethodMap::add (44 bytes)
Event: 18.845 Thread 0x15ad3000 nmethod 2231 0x03840848 code [0x03840970, 0x03840b14]
Event: 18.913 Thread 0x15ad3000 2232             org.eclipse.sisu.inject.RankedBindings::type (5 bytes)
Event: 18.913 Thread 0x15ad3000 nmethod 2232 0x03840c88 code [0x03840d80, 0x03840e00]
Event: 19.012 Thread 0x15ad3000 2233             org.eclipse.sisu.inject.RankedSequence$Content::indexOfThis (31 bytes)
Event: 19.012 Thread 0x15ad3000 nmethod 2233 0x03840e48 code [0x03840f40, 0x03841000]

GC Heap History (10 events):
Event: 15.734 GC heap before
{Heap before GC invocations=55 (full 3):
 def new generation   total 19136K, used 19136K [0x05600000, 0x06ac0000, 0x0ab50000)
  eden space 17024K, 100% used [0x05600000, 0x066a0000, 0x066a0000)
  from space 2112K, 100% used [0x066a0000, 0x068b0000, 0x068b0000)
  to   space 2112K,   0% used [0x068b0000, 0x068b0000, 0x06ac0000)
 tenured generation   total 42376K, used 36145K [0x0ab50000, 0x0d4b2000, 0x15600000)
   the space 42376K,  85% used [0x0ab50000, 0x0ce9c740, 0x0ce9c800, 0x0d4b2000)
 Metaspace       used 15833K, capacity 16072K, committed 16128K, reserved 16768K
Event: 15.743 GC heap after
Heap after GC invocations=56 (full 3):
 def new generation   total 19136K, used 2112K [0x05600000, 0x06ac0000, 0x0ab50000)
  eden space 17024K,   0% used [0x05600000, 0x05600000, 0x066a0000)
  from space 2112K, 100% used [0x068b0000, 0x06ac0000, 0x06ac0000)
  to   space 2112K,   0% used [0x066a0000, 0x066a0000, 0x068b0000)
 tenured generation   total 42376K, used 37737K [0x0ab50000, 0x0d4b2000, 0x15600000)
   the space 42376K,  89% used [0x0ab50000, 0x0d02a6d0, 0x0d02a800, 0x0d4b2000)
 Metaspace       used 15833K, capacity 16072K, committed 16128K, reserved 16768K
}
Event: 15.848 GC heap before
{Heap before GC invocations=56 (full 3):
 def new generation   total 19136K, used 19136K [0x05600000, 0x06ac0000, 0x0ab50000)
  eden space 17024K, 100% used [0x05600000, 0x066a0000, 0x066a0000)
  from space 2112K, 100% used [0x068b0000, 0x06ac0000, 0x06ac0000)
  to   space 2112K,   0% used [0x066a0000, 0x066a0000, 0x068b0000)
 tenured generation   total 42376K, used 37737K [0x0ab50000, 0x0d4b2000, 0x15600000)
   the space 42376K,  89% used [0x0ab50000, 0x0d02a6d0, 0x0d02a800, 0x0d4b2000)
 Metaspace       used 15834K, capacity 16074K, committed 16256K, reserved 16768K
Event: 15.853 GC heap after
Heap after GC invocations=57 (full 3):
 def new generation   total 19136K, used 981K [0x05600000, 0x06ac0000, 0x0ab50000)
  eden space 17024K,   0% used [0x05600000, 0x05600000, 0x066a0000)
  from space 2112K,  46% used [0x066a0000, 0x06795520, 0x068b0000)
  to   space 2112K,   0% used [0x068b0000, 0x068b0000, 0x06ac0000)
 tenured generation   total 42376K, used 39115K [0x0ab50000, 0x0d4b2000, 0x15600000)
   the space 42376K,  92% used [0x0ab50000, 0x0d182e98, 0x0d183000, 0x0d4b2000)
 Metaspace       used 15834K, capacity 16074K, committed 16256K, reserved 16768K
}
Event: 18.458 GC heap before
{Heap before GC invocations=57 (full 3):
 def new generation   total 19136K, used 18005K [0x05600000, 0x06ac0000, 0x0ab50000)
  eden space 17024K, 100% used [0x05600000, 0x066a0000, 0x066a0000)
  from space 2112K,  46% used [0x066a0000, 0x06795520, 0x068b0000)
  to   space 2112K,   0% used [0x068b0000, 0x068b0000, 0x06ac0000)
 tenured generation   total 42376K, used 39115K [0x0ab50000, 0x0d4b2000, 0x15600000)
   the space 42376K,  92% used [0x0ab50000, 0x0d182e98, 0x0d183000, 0x0d4b2000)
 Metaspace       used 15876K, capacity 16146K, committed 16256K, reserved 16768K
Event: 18.462 GC heap after
Heap after GC invocations=58 (full 3):
 def new generation   total 19136K, used 1901K [0x05600000, 0x06ac0000, 0x0ab50000)
  eden space 17024K,   0% used [0x05600000, 0x05600000, 0x066a0000)
  from space 2112K,  90% used [0x068b0000, 0x06a8b6c0, 0x06ac0000)
  to   space 2112K,   0% used [0x066a0000, 0x066a0000, 0x068b0000)
 tenured generation   total 42376K, used 39115K [0x0ab50000, 0x0d4b2000, 0x15600000)
   the space 42376K,  92% used [0x0ab50000, 0x0d182e98, 0x0d183000, 0x0d4b2000)
 Metaspace       used 15876K, capacity 16146K, committed 16256K, reserved 16768K
}
Event: 18.714 GC heap before
{Heap before GC invocations=58 (full 3):
 def new generation   total 19136K, used 18925K [0x05600000, 0x06ac0000, 0x0ab50000)
  eden space 17024K, 100% used [0x05600000, 0x066a0000, 0x066a0000)
  from space 2112K,  90% used [0x068b0000, 0x06a8b6c0, 0x06ac0000)
  to   space 2112K,   0% used [0x066a0000, 0x066a0000, 0x068b0000)
 tenured generation   total 42376K, used 39115K [0x0ab50000, 0x0d4b2000, 0x15600000)
   the space 42376K,  92% used [0x0ab50000, 0x0d182e98, 0x0d183000, 0x0d4b2000)
 Metaspace       used 16686K, capacity 16957K, committed 17024K, reserved 17792K
Event: 18.720 GC heap after
Heap after GC invocations=59 (full 3):
 def new generation   total 19136K, used 2112K [0x05600000, 0x06ac0000, 0x0ab50000)
  eden space 17024K,   0% used [0x05600000, 0x05600000, 0x066a0000)
  from space 2112K, 100% used [0x066a0000, 0x068b0000, 0x068b0000)
  to   space 2112K,   0% used [0x068b0000, 0x068b0000, 0x06ac0000)
 tenured generation   total 42376K, used 40218K [0x0ab50000, 0x0d4b2000, 0x15600000)
   the space 42376K,  94% used [0x0ab50000, 0x0d296a10, 0x0d296c00, 0x0d4b2000)
 Metaspace       used 16686K, capacity 16957K, committed 17024K, reserved 17792K
}
Event: 18.914 GC heap before
{Heap before GC invocations=59 (full 3):
 def new generation   total 19136K, used 15442K [0x05600000, 0x06ac0000, 0x0ab50000)
  eden space 17024K,  78% used [0x05600000, 0x06304948, 0x066a0000)
  from space 2112K, 100% used [0x066a0000, 0x068b0000, 0x068b0000)
  to   space 2112K,   0% used [0x068b0000, 0x068b0000, 0x06ac0000)
 tenured generation   total 42376K, used 40218K [0x0ab50000, 0x0d4b2000, 0x15600000)
   the space 42376K,  94% used [0x0ab50000, 0x0d296a10, 0x0d296c00, 0x0d4b2000)
 Metaspace       used 16793K, capacity 17061K, committed 17152K, reserved 17792K
Event: 19.006 GC heap after
Heap after GC invocations=60 (full 4):
 def new generation   total 24192K, used 0K [0x05600000, 0x07030000, 0x0ab50000)
  eden space 21568K,   0% used [0x05600000, 0x05600000, 0x06b10000)
  from space 2624K,   0% used [0x06b10000, 0x06b10000, 0x06da0000)
  to   space 2624K,   0% used [0x06da0000, 0x06da0000, 0x07030000)
 tenured generation   total 53620K, used 32169K [0x0ab50000, 0x0dfad000, 0x15600000)
   the space 53620K,  59% used [0x0ab50000, 0x0caba7d8, 0x0caba800, 0x0dfad000)
 Metaspace       used 16791K, capacity 17058K, committed 17152K, reserved 17792K
}

Deoptimization events (0 events):
No events

Internal exceptions (10 events):
Event: 18.907 Thread 0x0341c800 Exception <a 'java/security/PrivilegedActionException'> (0x062872c0) thrown at [D:\re\workspace\8-2-build-windows-i586-cygwin\jdk8u20\1074\hotspot\src\share\vm\prims\jvm.cpp, line 1275]
Event: 18.907 Thread 0x0341c800 Exception <a 'java/security/PrivilegedActionException'> (0x06287c18) thrown at [D:\re\workspace\8-2-build-windows-i586-cygwin\jdk8u20\1074\hotspot\src\share\vm\prims\jvm.cpp, line 1275]
Event: 18.911 Thread 0x0341c800 Exception <a 'java/security/PrivilegedActionException'> (0x06298f78) thrown at [D:\re\workspace\8-2-build-windows-i586-cygwin\jdk8u20\1074\hotspot\src\share\vm\prims\jvm.cpp, line 1275]
Event: 18.911 Thread 0x0341c800 Exception <a 'java/security/PrivilegedActionException'> (0x062999c0) thrown at [D:\re\workspace\8-2-build-windows-i586-cygwin\jdk8u20\1074\hotspot\src\share\vm\prims\jvm.cpp, line 1275]
Event: 18.911 Thread 0x0341c800 Exception <a 'java/security/PrivilegedActionException'> (0x062a1be8) thrown at [D:\re\workspace\8-2-build-windows-i586-cygwin\jdk8u20\1074\hotspot\src\share\vm\prims\jvm.cpp, line 1275]
Event: 18.911 Thread 0x0341c800 Exception <a 'java/security/PrivilegedActionException'> (0x062a25e0) thrown at [D:\re\workspace\8-2-build-windows-i586-cygwin\jdk8u20\1074\hotspot\src\share\vm\prims\jvm.cpp, line 1275]
Event: 18.913 Thread 0x0341c800 Exception <a 'java/security/PrivilegedActionException'> (0x062ae450) thrown at [D:\re\workspace\8-2-build-windows-i586-cygwin\jdk8u20\1074\hotspot\src\share\vm\prims\jvm.cpp, line 1275]
Event: 18.913 Thread 0x0341c800 Exception <a 'java/security/PrivilegedActionException'> (0x062aee48) thrown at [D:\re\workspace\8-2-build-windows-i586-cygwin\jdk8u20\1074\hotspot\src\share\vm\prims\jvm.cpp, line 1275]
Event: 19.010 Thread 0x0341c800 Exception <a 'java/security/PrivilegedActionException'> (0x05603288) thrown at [D:\re\workspace\8-2-build-windows-i586-cygwin\jdk8u20\1074\hotspot\src\share\vm\prims\jvm.cpp, line 1275]
Event: 19.010 Thread 0x0341c800 Exception <a 'java/security/PrivilegedActionException'> (0x056039b0) thrown at [D:\re\workspace\8-2-build-windows-i586-cygwin\jdk8u20\1074\hotspot\src\share\vm\prims\jvm.cpp, line 1275]

Events (10 events):
Event: 19.010 Thread 0x0341c800 DEOPT PACKING pc=0x035b6cc4 sp=0x0172e9f0
Event: 19.011 Thread 0x0341c800 DEOPT UNPACKING pc=0x0345c35b sp=0x0172e890 mode 1
Event: 19.011 Thread 0x0341c800 DEOPT PACKING pc=0x037c3188 sp=0x0172ea90
Event: 19.011 Thread 0x0341c800 DEOPT UNPACKING pc=0x0345c35b sp=0x0172e8dc mode 1
Event: 19.012 Thread 0x169c2400 Thread exited: 0x169c2400
Event: 19.012 Thread 0x169c1c00 Thread exited: 0x169c1c00
Event: 19.012 Thread 0x16c34c00 Thread exited: 0x16c34c00
Event: 19.013 Thread 0x16c34c00 Thread added: 0x16c34c00
Event: 19.013 Thread 0x17864000 Thread exited: 0x17864000
Event: 19.013 Thread 0x16c34c00 Thread exited: 0x16c34c00


Dynamic libraries:
0x01010000 - 0x01040000 	D:\Program Files\Java\jdk1.8.0_20\bin\javaw.exe
0x76e90000 - 0x77013000 	C:\WINDOWS\SYSTEM32\ntdll.dll
0x73b60000 - 0x73c40000 	C:\WINDOWS\System32\KERNEL32.DLL
0x73970000 - 0x73b11000 	C:\WINDOWS\System32\KERNELBASE.dll
0x74f10000 - 0x74f87000 	C:\WINDOWS\System32\ADVAPI32.dll
0x748a0000 - 0x7495e000 	C:\WINDOWS\System32\msvcrt.dll
0x74ec0000 - 0x74f01000 	C:\WINDOWS\System32\sechost.dll
0x74f90000 - 0x75051000 	C:\WINDOWS\System32\RPCRT4.dll
0x73950000 - 0x7396e000 	C:\WINDOWS\System32\SspiCli.dll
0x73940000 - 0x7394a000 	C:\WINDOWS\System32\CRYPTBASE.dll
0x75100000 - 0x7515a000 	C:\WINDOWS\System32\bcryptPrimitives.dll
0x73c40000 - 0x73d9f000 	C:\WINDOWS\System32\USER32.dll
0x76ca0000 - 0x76cb5000 	C:\WINDOWS\System32\win32u.dll
0x73b20000 - 0x73b4b000 	C:\WINDOWS\System32\GDI32.dll
0x76b40000 - 0x76c9b000 	C:\WINDOWS\System32\gdi32full.dll
0x71cd0000 - 0x71eda000 	C:\WINDOWS\WinSxS\x86_microsoft.windows.common-controls_6595b64144ccf1df_6.0.14393.953_none_89c2555adb023171\COMCTL32.dll
0x752e0000 - 0x754f1000 	C:\WINDOWS\System32\combase.dll
0x75500000 - 0x755e0000 	C:\WINDOWS\System32\ucrtbase.dll
0x75680000 - 0x756a5000 	C:\WINDOWS\System32\IMM32.DLL
0x5a5e0000 - 0x5a69f000 	D:\Program Files\Java\jdk1.8.0_20\jre\bin\msvcr100.dll
0x6c790000 - 0x6cb32000 	D:\Program Files\Java\jdk1.8.0_20\jre\bin\client\jvm.dll
0x73b50000 - 0x73b56000 	C:\WINDOWS\System32\PSAPI.DLL
0x71ba0000 - 0x71ba8000 	C:\WINDOWS\SYSTEM32\WSOCK32.dll
0x72bc0000 - 0x72be4000 	C:\WINDOWS\SYSTEM32\WINMM.dll
0x74e50000 - 0x74eb3000 	C:\WINDOWS\System32\WS2_32.dll
0x72b90000 - 0x72bb3000 	C:\WINDOWS\SYSTEM32\winmmbase.dll
0x74aa0000 - 0x74ad6000 	C:\WINDOWS\System32\cfgmgr32.dll
0x65d10000 - 0x65d1c000 	D:\Program Files\Java\jdk1.8.0_20\jre\bin\verify.dll
0x5a3a0000 - 0x5a3c1000 	D:\Program Files\Java\jdk1.8.0_20\jre\bin\java.dll
0x5a370000 - 0x5a399000 	D:\Program Files\Java\jdk1.8.0_20\jre\bin\jdwp.dll
0x655b0000 - 0x655b7000 	D:\Program Files\Java\jdk1.8.0_20\jre\bin\npt.dll
0x5a5c0000 - 0x5a5d3000 	D:\Program Files\Java\jdk1.8.0_20\jre\bin\zip.dll
0x756b0000 - 0x76a88000 	C:\WINDOWS\System32\SHELL32.dll
0x73da0000 - 0x7430e000 	C:\WINDOWS\System32\windows.storage.dll
0x74c20000 - 0x74c65000 	C:\WINDOWS\System32\powrprof.dll
0x750b0000 - 0x750f6000 	C:\WINDOWS\System32\shlwapi.dll
0x76d40000 - 0x76d4d000 	C:\WINDOWS\System32\kernel.appcore.dll
0x76ab0000 - 0x76b38000 	C:\WINDOWS\System32\shcore.dll
0x752d0000 - 0x752df000 	C:\WINDOWS\System32\profapi.dll
0x5a920000 - 0x5a928000 	D:\Program Files\Java\jdk1.8.0_20\jre\bin\dt_socket.dll
0x72ad0000 - 0x72ae2000 	C:\WINDOWS\system32\napinsp.dll
0x72ab0000 - 0x72ac6000 	C:\WINDOWS\system32\pnrpnsp.dll
0x72a90000 - 0x72aa4000 	C:\WINDOWS\system32\NLAapi.dll
0x72af0000 - 0x72b3e000 	C:\WINDOWS\System32\mswsock.dll
0x73080000 - 0x730fd000 	C:\WINDOWS\SYSTEM32\DNSAPI.dll
0x74a90000 - 0x74a97000 	C:\WINDOWS\System32\NSI.dll
0x73030000 - 0x7305f000 	C:\WINDOWS\SYSTEM32\IPHLPAPI.DLL
0x72a80000 - 0x72a8c000 	C:\WINDOWS\System32\winrnr.dll
0x72a20000 - 0x72a69000 	C:\WINDOWS\System32\fwpuclnt.dll
0x72bf0000 - 0x72c0b000 	C:\WINDOWS\SYSTEM32\bcrypt.dll
0x72a70000 - 0x72a78000 	C:\Windows\System32\rasadhlp.dll
0x5a290000 - 0x5a2a4000 	D:\Program Files\Java\jdk1.8.0_20\jre\bin\net.dll
0x5a270000 - 0x5a27f000 	D:\Program Files\Java\jdk1.8.0_20\jre\bin\nio.dll
0x729b0000 - 0x729c3000 	C:\WINDOWS\SYSTEM32\CRYPTSP.dll
0x72980000 - 0x729af000 	C:\WINDOWS\system32\rsaenh.dll
0x73010000 - 0x7302a000 	C:\WINDOWS\SYSTEM32\USERENV.dll
0x72170000 - 0x72183000 	C:\WINDOWS\SYSTEM32\dhcpcsvc6.DLL
0x72b40000 - 0x72b54000 	C:\WINDOWS\SYSTEM32\dhcpcsvc.DLL
0x5a250000 - 0x5a270000 	D:\Program Files\Java\jdk1.8.0_20\jre\bin\sunec.dll
0x73130000 - 0x73275000 	C:\WINDOWS\SYSTEM32\dbghelp.dll

VM Arguments:
jvm_args: -agentlib:jdwp=transport=dt_socket,suspend=y,address=localhost:60397 -Dmaven.home=EMBEDDED -Dclassworlds.conf=J:\ceshi\workspace\.metadata\.plugins\org.eclipse.m2e.launching\launches\m2conf2248515500843368326.tmp -Dmaven.multiModuleProjectDirectory=J:\ceshi\workspace\cloud_eureka_server -Dfile.encoding=GBK 
java_command: org.codehaus.plexus.classworlds.launcher.Launcher -B -s D:\Program Files\maven\conf\settings.xml install
java_class_path (initial): /D:/Program Files/eclipse/plugins/org.eclipse.m2e.maven.runtime_1.7.0.20160603-1931/jars/plexus-classworlds-2.5.2.jar
Launcher Type: SUN_STANDARD

Environment Variables:
JAVA_HOME=D:\Program Files\Java\jdk1.8.0_20
PATH=D:\Program Files\Java\jdk1.8.0_20\jre\bin;D:/Program Files/Java/jre/bin/client;D:/Program Files/Java/jre/bin;D:/Program Files/Java/jre/lib/i386;C:\ProgramData\Oracle\Java\javapath;C:\WINDOWS\system32;C:\WINDOWS;C:\WINDOWS\System32\Wbem;C:\WINDOWS\System32\WindowsPowerShell\v1.0\;D:\Program Files\Java\jdk1.8.0_20\bin;D:\Program Files\maven\bin;D:\Program Files\erl8.3\bin;C:\Program Files\IDM Computer Solutions\UltraEdit;C:\Program Files\Git\cmd;C:\Program Files\TortoiseGit\bin;C:\Users\Dell\AppData\Local\Microsoft\WindowsApps;;D:\Program Files\eclipse;
USERNAME=Dell
OS=Windows_NT
PROCESSOR_IDENTIFIER=Intel64 Family 6 Model 60 Stepping 3, GenuineIntel



---------------  S Y S T E M  ---------------

OS: Windows 8.1 , 64 bit Build 9600 

CPU:total 4 (4 cores per cpu, 1 threads per core) family 6 model 60 stepping 3, cmov, cx8, fxsr, mmx, sse, sse2, sse3, ssse3, sse4.1, sse4.2, popcnt, avx, avx2, aes, clmul, erms, lzcnt, tsc, tscinvbit, bmi1, bmi2

Memory: 4k page, physical 12497852k(6224108k free), swap 14398396k(6765008k free)

vm_info: Java HotSpot(TM) Client VM (25.20-b23) for windows-x86 JRE (1.8.0_20-b26), built on Jul 30 2014 18:14:41 by "java_re" with MS VC++ 10.0 (VS2010)

time: Mon Jun 26 13:31:27 2017
elapsed time: 19 seconds (0d 0h 0m 19s)

